\BOOKMARK [1][-]{section.1}{\376\377\000I\000n\000t\000r\000o\000d\000u\000c\000t\000i\000o\000n}{}% 1
\BOOKMARK [1][-]{section.2}{\376\377\000R\000e\000l\000a\000t\000e\000d\000\040\000W\000o\000r\000k}{}% 2
\BOOKMARK [1][-]{section.3}{\376\377\000G\000o\000a\000l\000-\000o\000r\000i\000e\000n\000t\000e\000d\000\040\000B\000a\000c\000k\000d\000o\000o\000r\000\040\000A\000t\000t\000a\000c\000k}{}% 3
\BOOKMARK [2][-]{subsection.3.1}{\376\377\000P\000r\000e\000l\000i\000m\000i\000n\000a\000r\000i\000e\000s}{section.3}% 4
\BOOKMARK [2][-]{subsection.3.2}{\376\377\000T\000h\000r\000e\000a\000t\000\040\000M\000o\000d\000e\000l}{section.3}% 5
\BOOKMARK [2][-]{subsection.3.3}{\376\377\000A\000t\000t\000a\000c\000k\000\040\000M\000e\000t\000h\000o\000d\000o\000l\000o\000g\000y}{section.3}% 6
\BOOKMARK [2][-]{subsection.3.4}{\376\377\000B\000a\000d\000L\000I\000B\000E\000R\000O}{section.3}% 7
\BOOKMARK [2][-]{subsection.3.5}{\376\377\000T\000h\000r\000e\000e\000-\000L\000e\000v\000e\000l\000\040\000E\000v\000a\000l\000u\000a\000t\000i\000o\000n}{section.3}% 8
\BOOKMARK [1][-]{section.4}{\376\377\000E\000x\000p\000e\000r\000i\000m\000e\000n\000t}{}% 9
\BOOKMARK [2][-]{subsection.4.1}{\376\377\000S\000e\000t\000u\000p\000s}{section.4}% 10
\BOOKMARK [2][-]{subsection.4.2}{\376\377\000A\000t\000t\000a\000c\000k\000\040\000P\000r\000e\000f\000o\000r\000m\000a\000n\000c\000e}{section.4}% 11
\BOOKMARK [1][-]{section.5}{\376\377\000W\000h\000a\000t\000\040\000K\000i\000n\000d\000s\000\040\000o\000f\000\040\000T\000r\000i\000g\000g\000e\000r\000s\000\040\000A\000r\000e\000\040\000E\000f\000f\000e\000c\000t\000i\000v\000e}{}% 12
\BOOKMARK [2][-]{subsection.5.1}{\376\377\000A\000c\000t\000i\000o\000n\000\040\000E\000f\000f\000e\000c\000t}{section.5}% 13
\BOOKMARK [2][-]{subsection.5.2}{\376\377\000C\000o\000l\000o\000r\000\040\000E\000f\000f\000e\000c\000t}{section.5}% 14
\BOOKMARK [2][-]{subsection.5.3}{\376\377\000S\000i\000z\000e\000\040\000E\000f\000f\000e\000c\000t}{section.5}% 15
\BOOKMARK [2][-]{subsection.5.4}{\376\377\000O\000b\000j\000e\000c\000t\000\040\000E\000f\000f\000e\000c\000t}{section.5}% 16
\BOOKMARK [1][-]{section.6}{\376\377\000C\000o\000n\000c\000l\000u\000s\000i\000o\000n}{}% 17
\BOOKMARK [1][-]{appendix.A}{\376\377\000L\000L\000M\000\040\000a\000n\000d\000\040\000H\000a\000r\000d\000w\000a\000r\000e\000\040\000U\000s\000a\000g\000e\000\040\000S\000t\000a\000t\000e\000m\000e\000n\000t}{}% 18
\BOOKMARK [1][-]{appendix.B}{\376\377\000A\000b\000l\000a\000t\000i\000o\000n\000\040\000S\000t\000u\000d\000y}{}% 19
\BOOKMARK [2][-]{subsection.B.1}{\376\377\000D\000i\000f\000f\000e\000r\000e\000n\000t\000\040\000T\000r\000i\000g\000g\000e\000r\000\040\000P\000a\000c\000k\000a\000g\000i\000n\000g}{appendix.B}% 20
\BOOKMARK [2][-]{subsection.B.2}{\376\377\000D\000i\000f\000f\000e\000r\000e\000n\000t\000\040\000S\000i\000z\000e\000\040\000T\000r\000a\000n\000s\000f\000e\000r\000a\000b\000i\000l\000i\000t\000y}{appendix.B}% 21
\BOOKMARK [2][-]{subsection.B.3}{\376\377\000M\000u\000l\000t\000i\000p\000l\000e\000\040\000T\000r\000i\000g\000g\000e\000r\000s}{appendix.B}% 22
\BOOKMARK [2][-]{subsection.B.4}{\376\377\000I\000n\000j\000e\000c\000t\000i\000o\000n\000\040\000R\000a\000t\000e}{appendix.B}% 23
\BOOKMARK [1][-]{appendix.C}{\376\377\000V\000i\000s\000u\000a\000l\000i\000z\000a\000t\000i\000o\000n\000\040\000o\000f\000\040\000A\000t\000t\000e\000n\000t\000i\000o\000n}{}% 24
\BOOKMARK [1][-]{appendix.D}{\376\377\000P\000o\000t\000e\000n\000t\000i\000a\000l\000\040\000D\000e\000f\000e\000n\000s\000e\000\040\000M\000e\000t\000h\000o\000d}{}% 25
\BOOKMARK [1][-]{appendix.E}{\376\377\000I\000n\000j\000e\000c\000t\000i\000o\000n\000\040\000P\000r\000o\000c\000e\000s\000s\000\040\000A\000l\000g\000o\000r\000i\000t\000h\000m}{}% 26
